[18:16:50] [main/INFO]: Loading Minecraft 1.21 with Fabric Loader 0.16.3
[18:16:50] [main/INFO]: Loading 4 mods:
	- fabricloader 0.16.3
	   \-- mixinextras 0.4.1
	- java 21
	- minecraft 1.21
[18:16:50] [main/INFO]: SpongePowered MIXIN Subsystem Version=0.8.7 Source=file:/workspaces/SERVER-23/servidor_minecraft/libraries/net/fabricmc/sponge-mixin/0.15.2+mixin.0.8.7/sponge-mixin-0.15.2+mixin.0.8.7.jar Service=Knot/Fabric Env=SERVER
[18:16:55] [main/INFO]: Environment: Environment[sessionHost=https://sessionserver.mojang.com, servicesHost=https://api.minecraftservices.com, name=PROD]
[18:16:57] [main/INFO]: No existing world data, creating new world
[18:16:57] [main/INFO]: Loaded 1290 recipes
[18:16:57] [main/INFO]: Loaded 1399 advancements
[18:16:58] [Server thread/INFO]: Starting minecraft server version 1.21
[18:16:58] [Server thread/INFO]: Loading properties
[18:16:58] [Server thread/INFO]: Default game type: SURVIVAL
[18:16:58] [Server thread/INFO]: Generating keypair
[18:16:58] [Server thread/INFO]: Starting Minecraft server on *:25565
[18:16:58] [Server thread/INFO]: Using epoll channel type
[18:16:58] [Server thread/WARN]: **** SERVER IS RUNNING IN OFFLINE/INSECURE MODE!
[18:16:58] [Server thread/WARN]: The server will make no attempt to authenticate usernames. Beware.
[18:16:58] [Server thread/WARN]: While this makes the game possible to play without internet access, it also opens up the ability for hackers to connect with any username they choose.
[18:16:58] [Server thread/WARN]: To change this, set "online-mode" to "true" in the server.properties file.
[18:16:58] [Server thread/INFO]: Preparing level "world"
[18:17:04] [Server thread/INFO]: Preparing start region for dimension minecraft:overworld
[18:17:04] [Worker-Main-3/INFO]: Preparing spawn area: 2%
[18:17:05] [Worker-Main-3/INFO]: Preparing spawn area: 2%
[18:17:05] [Worker-Main-1/INFO]: Preparing spawn area: 2%
[18:17:05] [Worker-Main-2/INFO]: Preparing spawn area: 2%
[18:17:06] [Worker-Main-3/INFO]: Preparing spawn area: 18%
[18:17:06] [Worker-Main-2/INFO]: Preparing spawn area: 18%
[18:17:07] [Worker-Main-2/INFO]: Preparing spawn area: 51%
[18:17:08] [Worker-Main-2/INFO]: Preparing spawn area: 51%
[18:17:08] [Worker-Main-2/INFO]: Preparing spawn area: 51%
[18:17:09] [Worker-Main-2/INFO]: Preparing spawn area: 51%
[18:17:09] [Server thread/INFO]: Time elapsed: 4581 ms
[18:17:09] [Server thread/INFO]: Done (10.329s)! For help, type "help"
[18:17:12] [Server thread/INFO]: pilin_atack[/100.122.66.105:2357] logged in with entity id 36 at (-1.5, 85.0, 8.5)
[18:17:12] [Server thread/INFO]: pilin_atack joined the game
[18:28:01] [Server thread/INFO]: pilin_atack lost connection: Disconnected
[18:28:01] [Server thread/INFO]: pilin_atack left the game
[18:53:23] [Server thread/INFO]: pilin_atack[/100.122.66.105:4357] logged in with entity id 1908 at (149.4272059106234, 83.0, 81.13483295796264)
[18:53:23] [Server thread/INFO]: pilin_atack joined the game
[18:55:18] [Server thread/INFO]: pilin_atack has made the advancement [Sweet Dreams]
[18:56:55] [Server thread/INFO]: pilin_atack has made the advancement [Stone Age]
[18:57:41] [Server thread/INFO]: pilin_atack has made the advancement [Getting an Upgrade]
[19:02:52] [Server thread/INFO]: pilin_atack lost connection: Disconnected
[19:02:52] [Server thread/INFO]: pilin_atack left the game
